<?xml version="1.0" encoding="UTF-8"?>
<testng-results ignored="0" total="1" passed="1" failed="0" skipped="0">
  <reporter-output>
  </reporter-output>
  <suite started-at="2020-06-04T17:50:13 EDT" name="Suite" finished-at="2020-06-04T17:50:20 EDT" duration-ms="6664">
    <groups>
    </groups>
    <test started-at="2020-06-04T17:50:13 EDT" name="Test" finished-at="2020-06-04T17:50:20 EDT" duration-ms="6664">
      <class name="test.Selenium_Jenkins_Integration">
        <test-method is-config="true" signature="setUp()[pri:0, instance:test.Selenium_Jenkins_Integration@105fece7]" started-at="2020-06-04T17:50:13 EDT" name="setUp" finished-at="2020-06-04T17:50:17 EDT" duration-ms="3843" status="PASS">
          <reporter-output>
          </reporter-output>
        </test-method> <!-- setUp -->
        <test-method signature="test()[pri:0, instance:test.Selenium_Jenkins_Integration@105fece7]" started-at="2020-06-04T17:50:17 EDT" name="test" finished-at="2020-06-04T17:50:20 EDT" duration-ms="2655" status="PASS">
          <reporter-output>
          </reporter-output>
        </test-method> <!-- test -->
        <test-method is-config="true" signature="tearDown()[pri:0, instance:test.Selenium_Jenkins_Integration@105fece7]" started-at="2020-06-04T17:50:20 EDT" name="tearDown" finished-at="2020-06-04T17:50:20 EDT" duration-ms="113" status="PASS">
          <reporter-output>
          </reporter-output>
        </test-method> <!-- tearDown -->
      </class> <!-- test.Selenium_Jenkins_Integration -->
    </test> <!-- Test -->
  </suite> <!-- Suite -->
</testng-results>
