<?xml version="1.0" encoding="UTF-8"?>
<testng-results skipped="0" failed="0" ignored="0" total="1" passed="1">
  <reporter-output>
  </reporter-output>
  <suite name="Default suite" duration-ms="8012" started-at="2020-06-02T19:02:43 EDT" finished-at="2020-06-02T19:02:51 EDT">
    <groups>
    </groups>
    <test name="Default test" duration-ms="8012" started-at="2020-06-02T19:02:43 EDT" finished-at="2020-06-02T19:02:51 EDT">
      <class name="test.Selenium_Jenkins_Integration">
        <test-method status="PASS" signature="setUp()[pri:0, instance:test.Selenium_Jenkins_Integration@43814d18]" name="setUp" is-config="true" duration-ms="3977" started-at="2020-06-02T19:02:43 EDT" finished-at="2020-06-02T19:02:47 EDT">
          <reporter-output>
          </reporter-output>
        </test-method> <!-- setUp -->
        <test-method status="PASS" signature="test()[pri:0, instance:test.Selenium_Jenkins_Integration@43814d18]" name="test" duration-ms="3710" started-at="2020-06-02T19:02:47 EDT" finished-at="2020-06-02T19:02:51 EDT">
          <reporter-output>
          </reporter-output>
        </test-method> <!-- test -->
        <test-method status="PASS" signature="tearDown()[pri:0, instance:test.Selenium_Jenkins_Integration@43814d18]" name="tearDown" is-config="true" duration-ms="261" started-at="2020-06-02T19:02:51 EDT" finished-at="2020-06-02T19:02:51 EDT">
          <reporter-output>
          </reporter-output>
        </test-method> <!-- tearDown -->
      </class> <!-- test.Selenium_Jenkins_Integration -->
    </test> <!-- Default test -->
  </suite> <!-- Default suite -->
</testng-results>
